Symlinking /home/dasc/Ruilin/MSR-gazebo-code/msr_ws/devel/lib/python2.7/dist-packages/rotors_comm/__init__.py
Symlinking /home/dasc/Ruilin/MSR-gazebo-code/msr_ws/devel/lib/python2.7/dist-packages/rotors_comm/msg/_WindSpeed.py
Symlinking /home/dasc/Ruilin/MSR-gazebo-code/msr_ws/devel/lib/python2.7/dist-packages/rotors_comm/msg/__init__.py
Symlinking /home/dasc/Ruilin/MSR-gazebo-code/msr_ws/devel/lib/python2.7/dist-packages/rotors_comm/srv/_Octomap.py
Symlinking /home/dasc/Ruilin/MSR-gazebo-code/msr_ws/devel/lib/python2.7/dist-packages/rotors_comm/srv/_RecordRosbag.py
Symlinking /home/dasc/Ruilin/MSR-gazebo-code/msr_ws/devel/lib/python2.7/dist-packages/rotors_comm/srv/__init__.py
Symlinking /home/dasc/Ruilin/MSR-gazebo-code/msr_ws/devel/lib/pkgconfig/rotors_comm.pc
Symlinking /home/dasc/Ruilin/MSR-gazebo-code/msr_ws/devel/include/rotors_comm/RecordRosbagResponse.h
Symlinking /home/dasc/Ruilin/MSR-gazebo-code/msr_ws/devel/include/rotors_comm/RecordRosbagRequest.h
Symlinking /home/dasc/Ruilin/MSR-gazebo-code/msr_ws/devel/include/rotors_comm/OctomapResponse.h
Symlinking /home/dasc/Ruilin/MSR-gazebo-code/msr_ws/devel/include/rotors_comm/RecordRosbag.h
Symlinking /home/dasc/Ruilin/MSR-gazebo-code/msr_ws/devel/include/rotors_comm/Octomap.h
Symlinking /home/dasc/Ruilin/MSR-gazebo-code/msr_ws/devel/include/rotors_comm/WindSpeed.h
Symlinking /home/dasc/Ruilin/MSR-gazebo-code/msr_ws/devel/include/rotors_comm/OctomapRequest.h
Symlinking /home/dasc/Ruilin/MSR-gazebo-code/msr_ws/devel/share/rotors_comm/cmake/rotors_commConfig.cmake
Symlinking /home/dasc/Ruilin/MSR-gazebo-code/msr_ws/devel/share/rotors_comm/cmake/rotors_commConfig-version.cmake
Symlinking /home/dasc/Ruilin/MSR-gazebo-code/msr_ws/devel/share/rotors_comm/cmake/rotors_comm-msg-extras.cmake
Symlinking /home/dasc/Ruilin/MSR-gazebo-code/msr_ws/devel/share/rotors_comm/cmake/rotors_comm-msg-paths.cmake
Symlinking /home/dasc/Ruilin/MSR-gazebo-code/msr_ws/devel/share/gennodejs/ros/rotors_comm/_index.js
Symlinking /home/dasc/Ruilin/MSR-gazebo-code/msr_ws/devel/share/gennodejs/ros/rotors_comm/msg/_index.js
Symlinking /home/dasc/Ruilin/MSR-gazebo-code/msr_ws/devel/share/gennodejs/ros/rotors_comm/msg/WindSpeed.js
Symlinking /home/dasc/Ruilin/MSR-gazebo-code/msr_ws/devel/share/gennodejs/ros/rotors_comm/srv/_index.js
Symlinking /home/dasc/Ruilin/MSR-gazebo-code/msr_ws/devel/share/gennodejs/ros/rotors_comm/srv/Octomap.js
Symlinking /home/dasc/Ruilin/MSR-gazebo-code/msr_ws/devel/share/gennodejs/ros/rotors_comm/srv/RecordRosbag.js
Symlinking /home/dasc/Ruilin/MSR-gazebo-code/msr_ws/devel/share/common-lisp/ros/rotors_comm/msg/rotors_comm-msg.asd
Symlinking /home/dasc/Ruilin/MSR-gazebo-code/msr_ws/devel/share/common-lisp/ros/rotors_comm/msg/WindSpeed.lisp
Symlinking /home/dasc/Ruilin/MSR-gazebo-code/msr_ws/devel/share/common-lisp/ros/rotors_comm/msg/_package_WindSpeed.lisp
Symlinking /home/dasc/Ruilin/MSR-gazebo-code/msr_ws/devel/share/common-lisp/ros/rotors_comm/msg/_package.lisp
Symlinking /home/dasc/Ruilin/MSR-gazebo-code/msr_ws/devel/share/common-lisp/ros/rotors_comm/srv/_package_Octomap.lisp
Symlinking /home/dasc/Ruilin/MSR-gazebo-code/msr_ws/devel/share/common-lisp/ros/rotors_comm/srv/rotors_comm-srv.asd
Symlinking /home/dasc/Ruilin/MSR-gazebo-code/msr_ws/devel/share/common-lisp/ros/rotors_comm/srv/_package_RecordRosbag.lisp
Symlinking /home/dasc/Ruilin/MSR-gazebo-code/msr_ws/devel/share/common-lisp/ros/rotors_comm/srv/RecordRosbag.lisp
Symlinking /home/dasc/Ruilin/MSR-gazebo-code/msr_ws/devel/share/common-lisp/ros/rotors_comm/srv/Octomap.lisp
Symlinking /home/dasc/Ruilin/MSR-gazebo-code/msr_ws/devel/share/common-lisp/ros/rotors_comm/srv/_package.lisp
Symlinking /home/dasc/Ruilin/MSR-gazebo-code/msr_ws/devel/share/roseus/ros/rotors_comm/manifest.l
Symlinking /home/dasc/Ruilin/MSR-gazebo-code/msr_ws/devel/share/roseus/ros/rotors_comm/msg/WindSpeed.l
Symlinking /home/dasc/Ruilin/MSR-gazebo-code/msr_ws/devel/share/roseus/ros/rotors_comm/srv/RecordRosbag.l
Symlinking /home/dasc/Ruilin/MSR-gazebo-code/msr_ws/devel/share/roseus/ros/rotors_comm/srv/Octomap.l
Cleaning: (/home/dasc/ruilin_ws/MSR-gazebo-code/msr_ws/devel/.private/rotors_comm/include/rotors_comm/RecordRosbagRequest.h, /home/dasc/ruilin_ws/MSR-gazebo-code/msr_ws/devel/include/rotors_comm/RecordRosbagRequest.h)
Cleaning: (/home/dasc/ruilin_ws/MSR-gazebo-code/msr_ws/devel/.private/rotors_comm/include/rotors_comm/RecordRosbag.h, /home/dasc/ruilin_ws/MSR-gazebo-code/msr_ws/devel/include/rotors_comm/RecordRosbag.h)
Cleaning: (/home/dasc/ruilin_ws/MSR-gazebo-code/msr_ws/devel/.private/rotors_comm/include/rotors_comm/RecordRosbagResponse.h, /home/dasc/ruilin_ws/MSR-gazebo-code/msr_ws/devel/include/rotors_comm/RecordRosbagResponse.h)
Cleaning: (/home/dasc/ruilin_ws/MSR-gazebo-code/msr_ws/devel/.private/rotors_comm/include/rotors_comm/Octomap.h, /home/dasc/ruilin_ws/MSR-gazebo-code/msr_ws/devel/include/rotors_comm/Octomap.h)
Cleaning: (/home/dasc/ruilin_ws/MSR-gazebo-code/msr_ws/devel/.private/rotors_comm/include/rotors_comm/OctomapResponse.h, /home/dasc/ruilin_ws/MSR-gazebo-code/msr_ws/devel/include/rotors_comm/OctomapResponse.h)
Cleaning: (/home/dasc/ruilin_ws/MSR-gazebo-code/msr_ws/devel/.private/rotors_comm/include/rotors_comm/WindSpeed.h, /home/dasc/ruilin_ws/MSR-gazebo-code/msr_ws/devel/include/rotors_comm/WindSpeed.h)
Cleaning: (/home/dasc/ruilin_ws/MSR-gazebo-code/msr_ws/devel/.private/rotors_comm/include/rotors_comm/OctomapRequest.h, /home/dasc/ruilin_ws/MSR-gazebo-code/msr_ws/devel/include/rotors_comm/OctomapRequest.h)
Cleaning: (/home/dasc/ruilin_ws/MSR-gazebo-code/msr_ws/devel/.private/rotors_comm/lib/python2.7/dist-packages/rotors_comm/__init__.py, /home/dasc/ruilin_ws/MSR-gazebo-code/msr_ws/devel/lib/python2.7/dist-packages/rotors_comm/__init__.py)
Cleaning: (/home/dasc/ruilin_ws/MSR-gazebo-code/msr_ws/devel/.private/rotors_comm/lib/python2.7/dist-packages/rotors_comm/msg/_WindSpeed.py, /home/dasc/ruilin_ws/MSR-gazebo-code/msr_ws/devel/lib/python2.7/dist-packages/rotors_comm/msg/_WindSpeed.py)
Cleaning: (/home/dasc/ruilin_ws/MSR-gazebo-code/msr_ws/devel/.private/rotors_comm/lib/python2.7/dist-packages/rotors_comm/msg/__init__.py, /home/dasc/ruilin_ws/MSR-gazebo-code/msr_ws/devel/lib/python2.7/dist-packages/rotors_comm/msg/__init__.py)
Cleaning: (/home/dasc/ruilin_ws/MSR-gazebo-code/msr_ws/devel/.private/rotors_comm/lib/python2.7/dist-packages/rotors_comm/srv/_RecordRosbag.py, /home/dasc/ruilin_ws/MSR-gazebo-code/msr_ws/devel/lib/python2.7/dist-packages/rotors_comm/srv/_RecordRosbag.py)
Cleaning: (/home/dasc/ruilin_ws/MSR-gazebo-code/msr_ws/devel/.private/rotors_comm/lib/python2.7/dist-packages/rotors_comm/srv/_Octomap.py, /home/dasc/ruilin_ws/MSR-gazebo-code/msr_ws/devel/lib/python2.7/dist-packages/rotors_comm/srv/_Octomap.py)
Cleaning: (/home/dasc/ruilin_ws/MSR-gazebo-code/msr_ws/devel/.private/rotors_comm/lib/python2.7/dist-packages/rotors_comm/srv/__init__.py, /home/dasc/ruilin_ws/MSR-gazebo-code/msr_ws/devel/lib/python2.7/dist-packages/rotors_comm/srv/__init__.py)
Cleaning: (/home/dasc/ruilin_ws/MSR-gazebo-code/msr_ws/devel/.private/rotors_comm/lib/pkgconfig/rotors_comm.pc, /home/dasc/ruilin_ws/MSR-gazebo-code/msr_ws/devel/lib/pkgconfig/rotors_comm.pc)
Cleaning: (/home/dasc/ruilin_ws/MSR-gazebo-code/msr_ws/devel/.private/rotors_comm/share/roseus/ros/rotors_comm/manifest.l, /home/dasc/ruilin_ws/MSR-gazebo-code/msr_ws/devel/share/roseus/ros/rotors_comm/manifest.l)
Cleaning: (/home/dasc/ruilin_ws/MSR-gazebo-code/msr_ws/devel/.private/rotors_comm/share/roseus/ros/rotors_comm/msg/WindSpeed.l, /home/dasc/ruilin_ws/MSR-gazebo-code/msr_ws/devel/share/roseus/ros/rotors_comm/msg/WindSpeed.l)
Cleaning: (/home/dasc/ruilin_ws/MSR-gazebo-code/msr_ws/devel/.private/rotors_comm/share/roseus/ros/rotors_comm/srv/Octomap.l, /home/dasc/ruilin_ws/MSR-gazebo-code/msr_ws/devel/share/roseus/ros/rotors_comm/srv/Octomap.l)
Cleaning: (/home/dasc/ruilin_ws/MSR-gazebo-code/msr_ws/devel/.private/rotors_comm/share/roseus/ros/rotors_comm/srv/RecordRosbag.l, /home/dasc/ruilin_ws/MSR-gazebo-code/msr_ws/devel/share/roseus/ros/rotors_comm/srv/RecordRosbag.l)
Cleaning: (/home/dasc/ruilin_ws/MSR-gazebo-code/msr_ws/devel/.private/rotors_comm/share/common-lisp/ros/rotors_comm/msg/_package.lisp, /home/dasc/ruilin_ws/MSR-gazebo-code/msr_ws/devel/share/common-lisp/ros/rotors_comm/msg/_package.lisp)
Cleaning: (/home/dasc/ruilin_ws/MSR-gazebo-code/msr_ws/devel/.private/rotors_comm/share/common-lisp/ros/rotors_comm/msg/WindSpeed.lisp, /home/dasc/ruilin_ws/MSR-gazebo-code/msr_ws/devel/share/common-lisp/ros/rotors_comm/msg/WindSpeed.lisp)
Cleaning: (/home/dasc/ruilin_ws/MSR-gazebo-code/msr_ws/devel/.private/rotors_comm/share/common-lisp/ros/rotors_comm/msg/rotors_comm-msg.asd, /home/dasc/ruilin_ws/MSR-gazebo-code/msr_ws/devel/share/common-lisp/ros/rotors_comm/msg/rotors_comm-msg.asd)
Cleaning: (/home/dasc/ruilin_ws/MSR-gazebo-code/msr_ws/devel/.private/rotors_comm/share/common-lisp/ros/rotors_comm/msg/_package_WindSpeed.lisp, /home/dasc/ruilin_ws/MSR-gazebo-code/msr_ws/devel/share/common-lisp/ros/rotors_comm/msg/_package_WindSpeed.lisp)
Cleaning: (/home/dasc/ruilin_ws/MSR-gazebo-code/msr_ws/devel/.private/rotors_comm/share/common-lisp/ros/rotors_comm/srv/_package.lisp, /home/dasc/ruilin_ws/MSR-gazebo-code/msr_ws/devel/share/common-lisp/ros/rotors_comm/srv/_package.lisp)
Cleaning: (/home/dasc/ruilin_ws/MSR-gazebo-code/msr_ws/devel/.private/rotors_comm/share/common-lisp/ros/rotors_comm/srv/Octomap.lisp, /home/dasc/ruilin_ws/MSR-gazebo-code/msr_ws/devel/share/common-lisp/ros/rotors_comm/srv/Octomap.lisp)
Cleaning: (/home/dasc/ruilin_ws/MSR-gazebo-code/msr_ws/devel/.private/rotors_comm/share/common-lisp/ros/rotors_comm/srv/rotors_comm-srv.asd, /home/dasc/ruilin_ws/MSR-gazebo-code/msr_ws/devel/share/common-lisp/ros/rotors_comm/srv/rotors_comm-srv.asd)
Cleaning: (/home/dasc/ruilin_ws/MSR-gazebo-code/msr_ws/devel/.private/rotors_comm/share/common-lisp/ros/rotors_comm/srv/RecordRosbag.lisp, /home/dasc/ruilin_ws/MSR-gazebo-code/msr_ws/devel/share/common-lisp/ros/rotors_comm/srv/RecordRosbag.lisp)
Cleaning: (/home/dasc/ruilin_ws/MSR-gazebo-code/msr_ws/devel/.private/rotors_comm/share/common-lisp/ros/rotors_comm/srv/_package_Octomap.lisp, /home/dasc/ruilin_ws/MSR-gazebo-code/msr_ws/devel/share/common-lisp/ros/rotors_comm/srv/_package_Octomap.lisp)
Cleaning: (/home/dasc/ruilin_ws/MSR-gazebo-code/msr_ws/devel/.private/rotors_comm/share/common-lisp/ros/rotors_comm/srv/_package_RecordRosbag.lisp, /home/dasc/ruilin_ws/MSR-gazebo-code/msr_ws/devel/share/common-lisp/ros/rotors_comm/srv/_package_RecordRosbag.lisp)
Cleaning: (/home/dasc/ruilin_ws/MSR-gazebo-code/msr_ws/devel/.private/rotors_comm/share/gennodejs/ros/rotors_comm/_index.js, /home/dasc/ruilin_ws/MSR-gazebo-code/msr_ws/devel/share/gennodejs/ros/rotors_comm/_index.js)
Cleaning: (/home/dasc/ruilin_ws/MSR-gazebo-code/msr_ws/devel/.private/rotors_comm/share/gennodejs/ros/rotors_comm/msg/_index.js, /home/dasc/ruilin_ws/MSR-gazebo-code/msr_ws/devel/share/gennodejs/ros/rotors_comm/msg/_index.js)
Cleaning: (/home/dasc/ruilin_ws/MSR-gazebo-code/msr_ws/devel/.private/rotors_comm/share/gennodejs/ros/rotors_comm/msg/WindSpeed.js, /home/dasc/ruilin_ws/MSR-gazebo-code/msr_ws/devel/share/gennodejs/ros/rotors_comm/msg/WindSpeed.js)
Cleaning: (/home/dasc/ruilin_ws/MSR-gazebo-code/msr_ws/devel/.private/rotors_comm/share/gennodejs/ros/rotors_comm/srv/RecordRosbag.js, /home/dasc/ruilin_ws/MSR-gazebo-code/msr_ws/devel/share/gennodejs/ros/rotors_comm/srv/RecordRosbag.js)
Cleaning: (/home/dasc/ruilin_ws/MSR-gazebo-code/msr_ws/devel/.private/rotors_comm/share/gennodejs/ros/rotors_comm/srv/_index.js, /home/dasc/ruilin_ws/MSR-gazebo-code/msr_ws/devel/share/gennodejs/ros/rotors_comm/srv/_index.js)
Cleaning: (/home/dasc/ruilin_ws/MSR-gazebo-code/msr_ws/devel/.private/rotors_comm/share/gennodejs/ros/rotors_comm/srv/Octomap.js, /home/dasc/ruilin_ws/MSR-gazebo-code/msr_ws/devel/share/gennodejs/ros/rotors_comm/srv/Octomap.js)
Cleaning: (/home/dasc/ruilin_ws/MSR-gazebo-code/msr_ws/devel/.private/rotors_comm/share/rotors_comm/cmake/rotors_comm-msg-extras.cmake, /home/dasc/ruilin_ws/MSR-gazebo-code/msr_ws/devel/share/rotors_comm/cmake/rotors_comm-msg-extras.cmake)
Cleaning: (/home/dasc/ruilin_ws/MSR-gazebo-code/msr_ws/devel/.private/rotors_comm/share/rotors_comm/cmake/rotors_comm-msg-paths.cmake, /home/dasc/ruilin_ws/MSR-gazebo-code/msr_ws/devel/share/rotors_comm/cmake/rotors_comm-msg-paths.cmake)
Cleaning: (/home/dasc/ruilin_ws/MSR-gazebo-code/msr_ws/devel/.private/rotors_comm/share/rotors_comm/cmake/rotors_commConfig.cmake, /home/dasc/ruilin_ws/MSR-gazebo-code/msr_ws/devel/share/rotors_comm/cmake/rotors_commConfig.cmake)
Cleaning: (/home/dasc/ruilin_ws/MSR-gazebo-code/msr_ws/devel/.private/rotors_comm/share/rotors_comm/cmake/rotors_commConfig-version.cmake, /home/dasc/ruilin_ws/MSR-gazebo-code/msr_ws/devel/share/rotors_comm/cmake/rotors_commConfig-version.cmake)
Unlinking: /home/dasc/ruilin_ws/MSR-gazebo-code/msr_ws/devel/include/rotors_comm/RecordRosbagRequest.h
Already unlinked: {}
Unlinking: /home/dasc/ruilin_ws/MSR-gazebo-code/msr_ws/devel/include/rotors_comm/RecordRosbag.h
Already unlinked: {}
Unlinking: /home/dasc/ruilin_ws/MSR-gazebo-code/msr_ws/devel/include/rotors_comm/RecordRosbagResponse.h
Already unlinked: {}
Unlinking: /home/dasc/ruilin_ws/MSR-gazebo-code/msr_ws/devel/include/rotors_comm/Octomap.h
Already unlinked: {}
Unlinking: /home/dasc/ruilin_ws/MSR-gazebo-code/msr_ws/devel/include/rotors_comm/OctomapResponse.h
Already unlinked: {}
Unlinking: /home/dasc/ruilin_ws/MSR-gazebo-code/msr_ws/devel/include/rotors_comm/WindSpeed.h
Already unlinked: {}
Unlinking: /home/dasc/ruilin_ws/MSR-gazebo-code/msr_ws/devel/include/rotors_comm/OctomapRequest.h
Already unlinked: {}
Unlinking: /home/dasc/ruilin_ws/MSR-gazebo-code/msr_ws/devel/lib/python2.7/dist-packages/rotors_comm/__init__.py
Already unlinked: {}
Unlinking: /home/dasc/ruilin_ws/MSR-gazebo-code/msr_ws/devel/lib/python2.7/dist-packages/rotors_comm/msg/_WindSpeed.py
Already unlinked: {}
Unlinking: /home/dasc/ruilin_ws/MSR-gazebo-code/msr_ws/devel/lib/python2.7/dist-packages/rotors_comm/msg/__init__.py
Already unlinked: {}
Unlinking: /home/dasc/ruilin_ws/MSR-gazebo-code/msr_ws/devel/lib/python2.7/dist-packages/rotors_comm/srv/_RecordRosbag.py
Already unlinked: {}
Unlinking: /home/dasc/ruilin_ws/MSR-gazebo-code/msr_ws/devel/lib/python2.7/dist-packages/rotors_comm/srv/_Octomap.py
Already unlinked: {}
Unlinking: /home/dasc/ruilin_ws/MSR-gazebo-code/msr_ws/devel/lib/python2.7/dist-packages/rotors_comm/srv/__init__.py
Already unlinked: {}
Unlinking: /home/dasc/ruilin_ws/MSR-gazebo-code/msr_ws/devel/lib/pkgconfig/rotors_comm.pc
Already unlinked: {}
Unlinking: /home/dasc/ruilin_ws/MSR-gazebo-code/msr_ws/devel/share/roseus/ros/rotors_comm/manifest.l
Already unlinked: {}
Unlinking: /home/dasc/ruilin_ws/MSR-gazebo-code/msr_ws/devel/share/roseus/ros/rotors_comm/msg/WindSpeed.l
Already unlinked: {}
Unlinking: /home/dasc/ruilin_ws/MSR-gazebo-code/msr_ws/devel/share/roseus/ros/rotors_comm/srv/Octomap.l
Already unlinked: {}
Unlinking: /home/dasc/ruilin_ws/MSR-gazebo-code/msr_ws/devel/share/roseus/ros/rotors_comm/srv/RecordRosbag.l
Already unlinked: {}
Unlinking: /home/dasc/ruilin_ws/MSR-gazebo-code/msr_ws/devel/share/common-lisp/ros/rotors_comm/msg/_package.lisp
Already unlinked: {}
Unlinking: /home/dasc/ruilin_ws/MSR-gazebo-code/msr_ws/devel/share/common-lisp/ros/rotors_comm/msg/WindSpeed.lisp
Already unlinked: {}
Unlinking: /home/dasc/ruilin_ws/MSR-gazebo-code/msr_ws/devel/share/common-lisp/ros/rotors_comm/msg/rotors_comm-msg.asd
Already unlinked: {}
Unlinking: /home/dasc/ruilin_ws/MSR-gazebo-code/msr_ws/devel/share/common-lisp/ros/rotors_comm/msg/_package_WindSpeed.lisp
Already unlinked: {}
Unlinking: /home/dasc/ruilin_ws/MSR-gazebo-code/msr_ws/devel/share/common-lisp/ros/rotors_comm/srv/_package.lisp
Already unlinked: {}
Unlinking: /home/dasc/ruilin_ws/MSR-gazebo-code/msr_ws/devel/share/common-lisp/ros/rotors_comm/srv/Octomap.lisp
Already unlinked: {}
Unlinking: /home/dasc/ruilin_ws/MSR-gazebo-code/msr_ws/devel/share/common-lisp/ros/rotors_comm/srv/rotors_comm-srv.asd
Already unlinked: {}
Unlinking: /home/dasc/ruilin_ws/MSR-gazebo-code/msr_ws/devel/share/common-lisp/ros/rotors_comm/srv/RecordRosbag.lisp
Already unlinked: {}
Unlinking: /home/dasc/ruilin_ws/MSR-gazebo-code/msr_ws/devel/share/common-lisp/ros/rotors_comm/srv/_package_Octomap.lisp
Already unlinked: {}
Unlinking: /home/dasc/ruilin_ws/MSR-gazebo-code/msr_ws/devel/share/common-lisp/ros/rotors_comm/srv/_package_RecordRosbag.lisp
Already unlinked: {}
Unlinking: /home/dasc/ruilin_ws/MSR-gazebo-code/msr_ws/devel/share/gennodejs/ros/rotors_comm/_index.js
Already unlinked: {}
Unlinking: /home/dasc/ruilin_ws/MSR-gazebo-code/msr_ws/devel/share/gennodejs/ros/rotors_comm/msg/_index.js
Already unlinked: {}
Unlinking: /home/dasc/ruilin_ws/MSR-gazebo-code/msr_ws/devel/share/gennodejs/ros/rotors_comm/msg/WindSpeed.js
Already unlinked: {}
Unlinking: /home/dasc/ruilin_ws/MSR-gazebo-code/msr_ws/devel/share/gennodejs/ros/rotors_comm/srv/RecordRosbag.js
Already unlinked: {}
Unlinking: /home/dasc/ruilin_ws/MSR-gazebo-code/msr_ws/devel/share/gennodejs/ros/rotors_comm/srv/_index.js
Already unlinked: {}
Unlinking: /home/dasc/ruilin_ws/MSR-gazebo-code/msr_ws/devel/share/gennodejs/ros/rotors_comm/srv/Octomap.js
Already unlinked: {}
Unlinking: /home/dasc/ruilin_ws/MSR-gazebo-code/msr_ws/devel/share/rotors_comm/cmake/rotors_comm-msg-extras.cmake
Already unlinked: {}
Unlinking: /home/dasc/ruilin_ws/MSR-gazebo-code/msr_ws/devel/share/rotors_comm/cmake/rotors_comm-msg-paths.cmake
Already unlinked: {}
Unlinking: /home/dasc/ruilin_ws/MSR-gazebo-code/msr_ws/devel/share/rotors_comm/cmake/rotors_commConfig.cmake
Already unlinked: {}
Unlinking: /home/dasc/ruilin_ws/MSR-gazebo-code/msr_ws/devel/share/rotors_comm/cmake/rotors_commConfig-version.cmake
Already unlinked: {}
