Determining if the pthread_create exist failed with the following output:
Change Dir: /home/dasc/Ruilin/MSR-gazebo-code/msr_ws/build/roboclaw_node/CMakeFiles/CMakeTmp

Run Build Command:"/usr/bin/make" "cmTC_8110c/fast"
/usr/bin/make -f CMakeFiles/cmTC_8110c.dir/build.make CMakeFiles/cmTC_8110c.dir/build
make[1]: Entering directory '/home/dasc/Ruilin/MSR-gazebo-code/msr_ws/build/roboclaw_node/CMakeFiles/CMakeTmp'
Building C object CMakeFiles/cmTC_8110c.dir/CheckSymbolExists.c.o
/usr/bin/cc     -o CMakeFiles/cmTC_8110c.dir/CheckSymbolExists.c.o   -c /home/dasc/Ruilin/MSR-gazebo-code/msr_ws/build/roboclaw_node/CMakeFiles/CMakeTmp/CheckSymbolExists.c
Linking C executable cmTC_8110c
/usr/bin/cmake -E cmake_link_script CMakeFiles/cmTC_8110c.dir/link.txt --verbose=1
/usr/bin/cc       CMakeFiles/cmTC_8110c.dir/CheckSymbolExists.c.o  -o cmTC_8110c -rdynamic 
CMakeFiles/cmTC_8110c.dir/CheckSymbolExists.c.o: In function `main':
CheckSymbolExists.c:(.text+0x16): undefined reference to `pthread_create'
collect2: error: ld returned 1 exit status
CMakeFiles/cmTC_8110c.dir/build.make:97: recipe for target 'cmTC_8110c' failed
make[1]: *** [cmTC_8110c] Error 1
make[1]: Leaving directory '/home/dasc/Ruilin/MSR-gazebo-code/msr_ws/build/roboclaw_node/CMakeFiles/CMakeTmp'
Makefile:126: recipe for target 'cmTC_8110c/fast' failed
make: *** [cmTC_8110c/fast] Error 2

File /home/dasc/Ruilin/MSR-gazebo-code/msr_ws/build/roboclaw_node/CMakeFiles/CMakeTmp/CheckSymbolExists.c:
/* */
#include <pthread.h>

int main(int argc, char** argv)
{
  (void)argv;
#ifndef pthread_create
  return ((int*)(&pthread_create))[argc];
#else
  (void)argc;
  return 0;
#endif
}

Determining if the function pthread_create exists in the pthreads failed with the following output:
Change Dir: /home/dasc/Ruilin/MSR-gazebo-code/msr_ws/build/roboclaw_node/CMakeFiles/CMakeTmp

Run Build Command:"/usr/bin/make" "cmTC_5f03b/fast"
/usr/bin/make -f CMakeFiles/cmTC_5f03b.dir/build.make CMakeFiles/cmTC_5f03b.dir/build
make[1]: Entering directory '/home/dasc/Ruilin/MSR-gazebo-code/msr_ws/build/roboclaw_node/CMakeFiles/CMakeTmp'
Building C object CMakeFiles/cmTC_5f03b.dir/CheckFunctionExists.c.o
/usr/bin/cc    -DCHECK_FUNCTION_EXISTS=pthread_create   -o CMakeFiles/cmTC_5f03b.dir/CheckFunctionExists.c.o   -c /usr/share/cmake-3.5/Modules/CheckFunctionExists.c
Linking C executable cmTC_5f03b
/usr/bin/cmake -E cmake_link_script CMakeFiles/cmTC_5f03b.dir/link.txt --verbose=1
/usr/bin/cc   -DCHECK_FUNCTION_EXISTS=pthread_create    CMakeFiles/cmTC_5f03b.dir/CheckFunctionExists.c.o  -o cmTC_5f03b -rdynamic -lpthreads 
/usr/bin/ld: cannot find -lpthreads
collect2: error: ld returned 1 exit status
CMakeFiles/cmTC_5f03b.dir/build.make:97: recipe for target 'cmTC_5f03b' failed
make[1]: *** [cmTC_5f03b] Error 1
make[1]: Leaving directory '/home/dasc/Ruilin/MSR-gazebo-code/msr_ws/build/roboclaw_node/CMakeFiles/CMakeTmp'
Makefile:126: recipe for target 'cmTC_5f03b/fast' failed
make: *** [cmTC_5f03b/fast] Error 2


