Symlinking /home/dasc/Ruilin/MSR-gazebo-code/msr_ws/devel/lib/libmavros_plugins.so
Symlinking /home/dasc/Ruilin/MSR-gazebo-code/msr_ws/devel/lib/libmavros.so
Symlinking /home/dasc/Ruilin/MSR-gazebo-code/msr_ws/devel/lib/python2.7/dist-packages/mavros/__init__.py
Symlinking /home/dasc/Ruilin/MSR-gazebo-code/msr_ws/devel/lib/mavros/gcs_bridge
Symlinking /home/dasc/Ruilin/MSR-gazebo-code/msr_ws/devel/lib/mavros/mavros_node
Symlinking /home/dasc/Ruilin/MSR-gazebo-code/msr_ws/devel/lib/pkgconfig/mavros.pc
Symlinking /home/dasc/Ruilin/MSR-gazebo-code/msr_ws/devel/share/mavros/cmake/mavrosConfig.cmake
Symlinking /home/dasc/Ruilin/MSR-gazebo-code/msr_ws/devel/share/mavros/cmake/mavrosConfig-version.cmake
Cleaning: (/home/dasc/ruilin_ws/MSR-gazebo-code/msr_ws/devel/.private/mavros/lib/libmavros_plugins.so, /home/dasc/ruilin_ws/MSR-gazebo-code/msr_ws/devel/lib/libmavros_plugins.so)
Cleaning: (/home/dasc/ruilin_ws/MSR-gazebo-code/msr_ws/devel/.private/mavros/lib/libmavros.so, /home/dasc/ruilin_ws/MSR-gazebo-code/msr_ws/devel/lib/libmavros.so)
Cleaning: (/home/dasc/ruilin_ws/MSR-gazebo-code/msr_ws/devel/.private/mavros/lib/mavros/mavros_node, /home/dasc/ruilin_ws/MSR-gazebo-code/msr_ws/devel/lib/mavros/mavros_node)
Cleaning: (/home/dasc/ruilin_ws/MSR-gazebo-code/msr_ws/devel/.private/mavros/lib/mavros/gcs_bridge, /home/dasc/ruilin_ws/MSR-gazebo-code/msr_ws/devel/lib/mavros/gcs_bridge)
Cleaning: (/home/dasc/ruilin_ws/MSR-gazebo-code/msr_ws/devel/.private/mavros/lib/python2.7/dist-packages/mavros/__init__.py, /home/dasc/ruilin_ws/MSR-gazebo-code/msr_ws/devel/lib/python2.7/dist-packages/mavros/__init__.py)
Cleaning: (/home/dasc/ruilin_ws/MSR-gazebo-code/msr_ws/devel/.private/mavros/lib/pkgconfig/mavros.pc, /home/dasc/ruilin_ws/MSR-gazebo-code/msr_ws/devel/lib/pkgconfig/mavros.pc)
Cleaning: (/home/dasc/ruilin_ws/MSR-gazebo-code/msr_ws/devel/.private/mavros/share/mavros/cmake/mavrosConfig.cmake, /home/dasc/ruilin_ws/MSR-gazebo-code/msr_ws/devel/share/mavros/cmake/mavrosConfig.cmake)
Cleaning: (/home/dasc/ruilin_ws/MSR-gazebo-code/msr_ws/devel/.private/mavros/share/mavros/cmake/mavrosConfig-version.cmake, /home/dasc/ruilin_ws/MSR-gazebo-code/msr_ws/devel/share/mavros/cmake/mavrosConfig-version.cmake)
Unlinking: /home/dasc/ruilin_ws/MSR-gazebo-code/msr_ws/devel/lib/libmavros_plugins.so
Already unlinked: {}
Unlinking: /home/dasc/ruilin_ws/MSR-gazebo-code/msr_ws/devel/lib/libmavros.so
Already unlinked: {}
Unlinking: /home/dasc/ruilin_ws/MSR-gazebo-code/msr_ws/devel/lib/mavros/mavros_node
Already unlinked: {}
Unlinking: /home/dasc/ruilin_ws/MSR-gazebo-code/msr_ws/devel/lib/mavros/gcs_bridge
Already unlinked: {}
Unlinking: /home/dasc/ruilin_ws/MSR-gazebo-code/msr_ws/devel/lib/python2.7/dist-packages/mavros/__init__.py
Already unlinked: {}
Unlinking: /home/dasc/ruilin_ws/MSR-gazebo-code/msr_ws/devel/lib/pkgconfig/mavros.pc
Already unlinked: {}
Unlinking: /home/dasc/ruilin_ws/MSR-gazebo-code/msr_ws/devel/share/mavros/cmake/mavrosConfig.cmake
Already unlinked: {}
Unlinking: /home/dasc/ruilin_ws/MSR-gazebo-code/msr_ws/devel/share/mavros/cmake/mavrosConfig-version.cmake
Already unlinked: {}
