Symlinking /home/dasc/Ruilin/MSR-gazebo-code/msr_ws/devel/lib/python2.7/dist-packages/roboclaw_driver/__init__.py
Symlinking /home/dasc/Ruilin/MSR-gazebo-code/msr_ws/devel/lib/python2.7/dist-packages/roboclaw_node/__init__.py
Symlinking /home/dasc/Ruilin/MSR-gazebo-code/msr_ws/devel/lib/python2.7/dist-packages/roboclaw_node/msg/_Motors_currents.py
Symlinking /home/dasc/Ruilin/MSR-gazebo-code/msr_ws/devel/lib/python2.7/dist-packages/roboclaw_node/msg/_Wheels_speeds.py
Symlinking /home/dasc/Ruilin/MSR-gazebo-code/msr_ws/devel/lib/python2.7/dist-packages/roboclaw_node/msg/__init__.py
Symlinking /home/dasc/Ruilin/MSR-gazebo-code/msr_ws/devel/lib/pkgconfig/roboclaw_node.pc
Symlinking /home/dasc/Ruilin/MSR-gazebo-code/msr_ws/devel/include/roboclaw_node/Motors_currents.h
Symlinking /home/dasc/Ruilin/MSR-gazebo-code/msr_ws/devel/include/roboclaw_node/Wheels_speeds.h
Symlinking /home/dasc/Ruilin/MSR-gazebo-code/msr_ws/devel/share/gennodejs/ros/roboclaw_node/_index.js
Symlinking /home/dasc/Ruilin/MSR-gazebo-code/msr_ws/devel/share/gennodejs/ros/roboclaw_node/msg/_index.js
Symlinking /home/dasc/Ruilin/MSR-gazebo-code/msr_ws/devel/share/gennodejs/ros/roboclaw_node/msg/Motors_currents.js
Symlinking /home/dasc/Ruilin/MSR-gazebo-code/msr_ws/devel/share/gennodejs/ros/roboclaw_node/msg/Wheels_speeds.js
Symlinking /home/dasc/Ruilin/MSR-gazebo-code/msr_ws/devel/share/roboclaw_node/cmake/roboclaw_nodeConfig.cmake
Symlinking /home/dasc/Ruilin/MSR-gazebo-code/msr_ws/devel/share/roboclaw_node/cmake/roboclaw_node-msg-extras.cmake
Symlinking /home/dasc/Ruilin/MSR-gazebo-code/msr_ws/devel/share/roboclaw_node/cmake/roboclaw_nodeConfig-version.cmake
Symlinking /home/dasc/Ruilin/MSR-gazebo-code/msr_ws/devel/share/roboclaw_node/cmake/roboclaw_node-msg-paths.cmake
Symlinking /home/dasc/Ruilin/MSR-gazebo-code/msr_ws/devel/share/common-lisp/ros/roboclaw_node/msg/_package_Wheels_speeds.lisp
Symlinking /home/dasc/Ruilin/MSR-gazebo-code/msr_ws/devel/share/common-lisp/ros/roboclaw_node/msg/Motors_currents.lisp
Symlinking /home/dasc/Ruilin/MSR-gazebo-code/msr_ws/devel/share/common-lisp/ros/roboclaw_node/msg/roboclaw_node-msg.asd
Symlinking /home/dasc/Ruilin/MSR-gazebo-code/msr_ws/devel/share/common-lisp/ros/roboclaw_node/msg/_package_Motors_currents.lisp
Symlinking /home/dasc/Ruilin/MSR-gazebo-code/msr_ws/devel/share/common-lisp/ros/roboclaw_node/msg/_package.lisp
Symlinking /home/dasc/Ruilin/MSR-gazebo-code/msr_ws/devel/share/common-lisp/ros/roboclaw_node/msg/Wheels_speeds.lisp
Symlinking /home/dasc/Ruilin/MSR-gazebo-code/msr_ws/devel/share/roseus/ros/roboclaw_node/manifest.l
Symlinking /home/dasc/Ruilin/MSR-gazebo-code/msr_ws/devel/share/roseus/ros/roboclaw_node/msg/Wheels_speeds.l
Symlinking /home/dasc/Ruilin/MSR-gazebo-code/msr_ws/devel/share/roseus/ros/roboclaw_node/msg/Motors_currents.l
