Linked: (/home/dasc/Ruilin/MSR-gazebo-code/msr_ws/devel/.private/roboclaw_node/lib/python2.7/dist-packages/roboclaw_driver/__init__.py, /home/dasc/Ruilin/MSR-gazebo-code/msr_ws/devel/lib/python2.7/dist-packages/roboclaw_driver/__init__.py)
Linked: (/home/dasc/Ruilin/MSR-gazebo-code/msr_ws/devel/.private/roboclaw_node/lib/python2.7/dist-packages/roboclaw_node/__init__.py, /home/dasc/Ruilin/MSR-gazebo-code/msr_ws/devel/lib/python2.7/dist-packages/roboclaw_node/__init__.py)
Linked: (/home/dasc/Ruilin/MSR-gazebo-code/msr_ws/devel/.private/roboclaw_node/lib/python2.7/dist-packages/roboclaw_node/msg/_Motors_currents.py, /home/dasc/Ruilin/MSR-gazebo-code/msr_ws/devel/lib/python2.7/dist-packages/roboclaw_node/msg/_Motors_currents.py)
Linked: (/home/dasc/Ruilin/MSR-gazebo-code/msr_ws/devel/.private/roboclaw_node/lib/python2.7/dist-packages/roboclaw_node/msg/_Wheels_speeds.py, /home/dasc/Ruilin/MSR-gazebo-code/msr_ws/devel/lib/python2.7/dist-packages/roboclaw_node/msg/_Wheels_speeds.py)
Linked: (/home/dasc/Ruilin/MSR-gazebo-code/msr_ws/devel/.private/roboclaw_node/lib/python2.7/dist-packages/roboclaw_node/msg/__init__.py, /home/dasc/Ruilin/MSR-gazebo-code/msr_ws/devel/lib/python2.7/dist-packages/roboclaw_node/msg/__init__.py)
Linked: (/home/dasc/Ruilin/MSR-gazebo-code/msr_ws/devel/.private/roboclaw_node/lib/pkgconfig/roboclaw_node.pc, /home/dasc/Ruilin/MSR-gazebo-code/msr_ws/devel/lib/pkgconfig/roboclaw_node.pc)
Linked: (/home/dasc/Ruilin/MSR-gazebo-code/msr_ws/devel/.private/roboclaw_node/include/roboclaw_node/Motors_currents.h, /home/dasc/Ruilin/MSR-gazebo-code/msr_ws/devel/include/roboclaw_node/Motors_currents.h)
Linked: (/home/dasc/Ruilin/MSR-gazebo-code/msr_ws/devel/.private/roboclaw_node/include/roboclaw_node/Wheels_speeds.h, /home/dasc/Ruilin/MSR-gazebo-code/msr_ws/devel/include/roboclaw_node/Wheels_speeds.h)
Linked: (/home/dasc/Ruilin/MSR-gazebo-code/msr_ws/devel/.private/roboclaw_node/share/gennodejs/ros/roboclaw_node/_index.js, /home/dasc/Ruilin/MSR-gazebo-code/msr_ws/devel/share/gennodejs/ros/roboclaw_node/_index.js)
Linked: (/home/dasc/Ruilin/MSR-gazebo-code/msr_ws/devel/.private/roboclaw_node/share/gennodejs/ros/roboclaw_node/msg/_index.js, /home/dasc/Ruilin/MSR-gazebo-code/msr_ws/devel/share/gennodejs/ros/roboclaw_node/msg/_index.js)
Linked: (/home/dasc/Ruilin/MSR-gazebo-code/msr_ws/devel/.private/roboclaw_node/share/gennodejs/ros/roboclaw_node/msg/Motors_currents.js, /home/dasc/Ruilin/MSR-gazebo-code/msr_ws/devel/share/gennodejs/ros/roboclaw_node/msg/Motors_currents.js)
Linked: (/home/dasc/Ruilin/MSR-gazebo-code/msr_ws/devel/.private/roboclaw_node/share/gennodejs/ros/roboclaw_node/msg/Wheels_speeds.js, /home/dasc/Ruilin/MSR-gazebo-code/msr_ws/devel/share/gennodejs/ros/roboclaw_node/msg/Wheels_speeds.js)
Linked: (/home/dasc/Ruilin/MSR-gazebo-code/msr_ws/devel/.private/roboclaw_node/share/roboclaw_node/cmake/roboclaw_nodeConfig.cmake, /home/dasc/Ruilin/MSR-gazebo-code/msr_ws/devel/share/roboclaw_node/cmake/roboclaw_nodeConfig.cmake)
Linked: (/home/dasc/Ruilin/MSR-gazebo-code/msr_ws/devel/.private/roboclaw_node/share/roboclaw_node/cmake/roboclaw_node-msg-extras.cmake, /home/dasc/Ruilin/MSR-gazebo-code/msr_ws/devel/share/roboclaw_node/cmake/roboclaw_node-msg-extras.cmake)
Linked: (/home/dasc/Ruilin/MSR-gazebo-code/msr_ws/devel/.private/roboclaw_node/share/roboclaw_node/cmake/roboclaw_nodeConfig-version.cmake, /home/dasc/Ruilin/MSR-gazebo-code/msr_ws/devel/share/roboclaw_node/cmake/roboclaw_nodeConfig-version.cmake)
Linked: (/home/dasc/Ruilin/MSR-gazebo-code/msr_ws/devel/.private/roboclaw_node/share/roboclaw_node/cmake/roboclaw_node-msg-paths.cmake, /home/dasc/Ruilin/MSR-gazebo-code/msr_ws/devel/share/roboclaw_node/cmake/roboclaw_node-msg-paths.cmake)
Linked: (/home/dasc/Ruilin/MSR-gazebo-code/msr_ws/devel/.private/roboclaw_node/share/common-lisp/ros/roboclaw_node/msg/_package_Wheels_speeds.lisp, /home/dasc/Ruilin/MSR-gazebo-code/msr_ws/devel/share/common-lisp/ros/roboclaw_node/msg/_package_Wheels_speeds.lisp)
Linked: (/home/dasc/Ruilin/MSR-gazebo-code/msr_ws/devel/.private/roboclaw_node/share/common-lisp/ros/roboclaw_node/msg/Motors_currents.lisp, /home/dasc/Ruilin/MSR-gazebo-code/msr_ws/devel/share/common-lisp/ros/roboclaw_node/msg/Motors_currents.lisp)
Linked: (/home/dasc/Ruilin/MSR-gazebo-code/msr_ws/devel/.private/roboclaw_node/share/common-lisp/ros/roboclaw_node/msg/roboclaw_node-msg.asd, /home/dasc/Ruilin/MSR-gazebo-code/msr_ws/devel/share/common-lisp/ros/roboclaw_node/msg/roboclaw_node-msg.asd)
Linked: (/home/dasc/Ruilin/MSR-gazebo-code/msr_ws/devel/.private/roboclaw_node/share/common-lisp/ros/roboclaw_node/msg/_package_Motors_currents.lisp, /home/dasc/Ruilin/MSR-gazebo-code/msr_ws/devel/share/common-lisp/ros/roboclaw_node/msg/_package_Motors_currents.lisp)
Linked: (/home/dasc/Ruilin/MSR-gazebo-code/msr_ws/devel/.private/roboclaw_node/share/common-lisp/ros/roboclaw_node/msg/_package.lisp, /home/dasc/Ruilin/MSR-gazebo-code/msr_ws/devel/share/common-lisp/ros/roboclaw_node/msg/_package.lisp)
Linked: (/home/dasc/Ruilin/MSR-gazebo-code/msr_ws/devel/.private/roboclaw_node/share/common-lisp/ros/roboclaw_node/msg/Wheels_speeds.lisp, /home/dasc/Ruilin/MSR-gazebo-code/msr_ws/devel/share/common-lisp/ros/roboclaw_node/msg/Wheels_speeds.lisp)
Linked: (/home/dasc/Ruilin/MSR-gazebo-code/msr_ws/devel/.private/roboclaw_node/share/roseus/ros/roboclaw_node/manifest.l, /home/dasc/Ruilin/MSR-gazebo-code/msr_ws/devel/share/roseus/ros/roboclaw_node/manifest.l)
Linked: (/home/dasc/Ruilin/MSR-gazebo-code/msr_ws/devel/.private/roboclaw_node/share/roseus/ros/roboclaw_node/msg/Wheels_speeds.l, /home/dasc/Ruilin/MSR-gazebo-code/msr_ws/devel/share/roseus/ros/roboclaw_node/msg/Wheels_speeds.l)
Linked: (/home/dasc/Ruilin/MSR-gazebo-code/msr_ws/devel/.private/roboclaw_node/share/roseus/ros/roboclaw_node/msg/Motors_currents.l, /home/dasc/Ruilin/MSR-gazebo-code/msr_ws/devel/share/roseus/ros/roboclaw_node/msg/Motors_currents.l)
