Determining if the pthread_create exist failed with the following output:
Change Dir: /home/dasc/Ruilin/MSR-gazebo-code/msr_ws/build/r1_gazebo/CMakeFiles/CMakeTmp

Run Build Command:"/usr/bin/make" "cmTC_40675/fast"
/usr/bin/make -f CMakeFiles/cmTC_40675.dir/build.make CMakeFiles/cmTC_40675.dir/build
make[1]: Entering directory '/home/dasc/Ruilin/MSR-gazebo-code/msr_ws/build/r1_gazebo/CMakeFiles/CMakeTmp'
Building C object CMakeFiles/cmTC_40675.dir/CheckSymbolExists.c.o
/usr/bin/cc     -o CMakeFiles/cmTC_40675.dir/CheckSymbolExists.c.o   -c /home/dasc/Ruilin/MSR-gazebo-code/msr_ws/build/r1_gazebo/CMakeFiles/CMakeTmp/CheckSymbolExists.c
Linking C executable cmTC_40675
/usr/bin/cmake -E cmake_link_script CMakeFiles/cmTC_40675.dir/link.txt --verbose=1
/usr/bin/cc       CMakeFiles/cmTC_40675.dir/CheckSymbolExists.c.o  -o cmTC_40675 -rdynamic 
CMakeFiles/cmTC_40675.dir/CheckSymbolExists.c.o: In function `main':
CheckSymbolExists.c:(.text+0x16): undefined reference to `pthread_create'
collect2: error: ld returned 1 exit status
CMakeFiles/cmTC_40675.dir/build.make:97: recipe for target 'cmTC_40675' failed
make[1]: *** [cmTC_40675] Error 1
make[1]: Leaving directory '/home/dasc/Ruilin/MSR-gazebo-code/msr_ws/build/r1_gazebo/CMakeFiles/CMakeTmp'
Makefile:126: recipe for target 'cmTC_40675/fast' failed
make: *** [cmTC_40675/fast] Error 2

File /home/dasc/Ruilin/MSR-gazebo-code/msr_ws/build/r1_gazebo/CMakeFiles/CMakeTmp/CheckSymbolExists.c:
/* */
#include <pthread.h>

int main(int argc, char** argv)
{
  (void)argv;
#ifndef pthread_create
  return ((int*)(&pthread_create))[argc];
#else
  (void)argc;
  return 0;
#endif
}

Determining if the function pthread_create exists in the pthreads failed with the following output:
Change Dir: /home/dasc/Ruilin/MSR-gazebo-code/msr_ws/build/r1_gazebo/CMakeFiles/CMakeTmp

Run Build Command:"/usr/bin/make" "cmTC_2677c/fast"
/usr/bin/make -f CMakeFiles/cmTC_2677c.dir/build.make CMakeFiles/cmTC_2677c.dir/build
make[1]: Entering directory '/home/dasc/Ruilin/MSR-gazebo-code/msr_ws/build/r1_gazebo/CMakeFiles/CMakeTmp'
Building C object CMakeFiles/cmTC_2677c.dir/CheckFunctionExists.c.o
/usr/bin/cc    -DCHECK_FUNCTION_EXISTS=pthread_create   -o CMakeFiles/cmTC_2677c.dir/CheckFunctionExists.c.o   -c /usr/share/cmake-3.5/Modules/CheckFunctionExists.c
Linking C executable cmTC_2677c
/usr/bin/cmake -E cmake_link_script CMakeFiles/cmTC_2677c.dir/link.txt --verbose=1
/usr/bin/cc   -DCHECK_FUNCTION_EXISTS=pthread_create    CMakeFiles/cmTC_2677c.dir/CheckFunctionExists.c.o  -o cmTC_2677c -rdynamic -lpthreads 
/usr/bin/ld: cannot find -lpthreads
collect2: error: ld returned 1 exit status
CMakeFiles/cmTC_2677c.dir/build.make:97: recipe for target 'cmTC_2677c' failed
make[1]: *** [cmTC_2677c] Error 1
make[1]: Leaving directory '/home/dasc/Ruilin/MSR-gazebo-code/msr_ws/build/r1_gazebo/CMakeFiles/CMakeTmp'
Makefile:126: recipe for target 'cmTC_2677c/fast' failed
make: *** [cmTC_2677c/fast] Error 2


