Determining if the pthread_create exist failed with the following output:
Change Dir: /home/dasc/Ruilin/MSR-gazebo-code/msr_ws/build/mavros/CMakeFiles/CMakeTmp

Run Build Command:"/usr/bin/make" "cmTC_91127/fast"
/usr/bin/make -f CMakeFiles/cmTC_91127.dir/build.make CMakeFiles/cmTC_91127.dir/build
make[1]: Entering directory '/home/dasc/Ruilin/MSR-gazebo-code/msr_ws/build/mavros/CMakeFiles/CMakeTmp'
Building C object CMakeFiles/cmTC_91127.dir/CheckSymbolExists.c.o
/usr/bin/cc     -o CMakeFiles/cmTC_91127.dir/CheckSymbolExists.c.o   -c /home/dasc/Ruilin/MSR-gazebo-code/msr_ws/build/mavros/CMakeFiles/CMakeTmp/CheckSymbolExists.c
Linking C executable cmTC_91127
/usr/bin/cmake -E cmake_link_script CMakeFiles/cmTC_91127.dir/link.txt --verbose=1
/usr/bin/cc       CMakeFiles/cmTC_91127.dir/CheckSymbolExists.c.o  -o cmTC_91127 -rdynamic 
CMakeFiles/cmTC_91127.dir/CheckSymbolExists.c.o: In function `main':
CheckSymbolExists.c:(.text+0x16): undefined reference to `pthread_create'
collect2: error: ld returned 1 exit status
CMakeFiles/cmTC_91127.dir/build.make:97: recipe for target 'cmTC_91127' failed
make[1]: *** [cmTC_91127] Error 1
make[1]: Leaving directory '/home/dasc/Ruilin/MSR-gazebo-code/msr_ws/build/mavros/CMakeFiles/CMakeTmp'
Makefile:126: recipe for target 'cmTC_91127/fast' failed
make: *** [cmTC_91127/fast] Error 2

File /home/dasc/Ruilin/MSR-gazebo-code/msr_ws/build/mavros/CMakeFiles/CMakeTmp/CheckSymbolExists.c:
/* */
#include <pthread.h>

int main(int argc, char** argv)
{
  (void)argv;
#ifndef pthread_create
  return ((int*)(&pthread_create))[argc];
#else
  (void)argc;
  return 0;
#endif
}

Determining if the function pthread_create exists in the pthreads failed with the following output:
Change Dir: /home/dasc/Ruilin/MSR-gazebo-code/msr_ws/build/mavros/CMakeFiles/CMakeTmp

Run Build Command:"/usr/bin/make" "cmTC_8516c/fast"
/usr/bin/make -f CMakeFiles/cmTC_8516c.dir/build.make CMakeFiles/cmTC_8516c.dir/build
make[1]: Entering directory '/home/dasc/Ruilin/MSR-gazebo-code/msr_ws/build/mavros/CMakeFiles/CMakeTmp'
Building C object CMakeFiles/cmTC_8516c.dir/CheckFunctionExists.c.o
/usr/bin/cc    -DCHECK_FUNCTION_EXISTS=pthread_create   -o CMakeFiles/cmTC_8516c.dir/CheckFunctionExists.c.o   -c /usr/share/cmake-3.5/Modules/CheckFunctionExists.c
Linking C executable cmTC_8516c
/usr/bin/cmake -E cmake_link_script CMakeFiles/cmTC_8516c.dir/link.txt --verbose=1
/usr/bin/cc   -DCHECK_FUNCTION_EXISTS=pthread_create    CMakeFiles/cmTC_8516c.dir/CheckFunctionExists.c.o  -o cmTC_8516c -rdynamic -lpthreads 
/usr/bin/ld: cannot find -lpthreads
collect2: error: ld returned 1 exit status
CMakeFiles/cmTC_8516c.dir/build.make:97: recipe for target 'cmTC_8516c' failed
make[1]: *** [cmTC_8516c] Error 1
make[1]: Leaving directory '/home/dasc/Ruilin/MSR-gazebo-code/msr_ws/build/mavros/CMakeFiles/CMakeTmp'
Makefile:126: recipe for target 'cmTC_8516c/fast' failed
make: *** [cmTC_8516c/fast] Error 2


