Linked: (/home/dasc/Ruilin/MSR-gazebo-code/msr_ws/devel/.private/rcomv_r1/lib/python2.7/dist-packages/rcomv_r1/__init__.py, /home/dasc/Ruilin/MSR-gazebo-code/msr_ws/devel/lib/python2.7/dist-packages/rcomv_r1/__init__.py)
Linked: (/home/dasc/Ruilin/MSR-gazebo-code/msr_ws/devel/.private/rcomv_r1/lib/python2.7/dist-packages/rcomv_r1/msg/_ParametricPath.py, /home/dasc/Ruilin/MSR-gazebo-code/msr_ws/devel/lib/python2.7/dist-packages/rcomv_r1/msg/_ParametricPath.py)
Linked: (/home/dasc/Ruilin/MSR-gazebo-code/msr_ws/devel/.private/rcomv_r1/lib/python2.7/dist-packages/rcomv_r1/msg/_CubicPath.py, /home/dasc/Ruilin/MSR-gazebo-code/msr_ws/devel/lib/python2.7/dist-packages/rcomv_r1/msg/_CubicPath.py)
Linked: (/home/dasc/Ruilin/MSR-gazebo-code/msr_ws/devel/.private/rcomv_r1/lib/python2.7/dist-packages/rcomv_r1/msg/__init__.py, /home/dasc/Ruilin/MSR-gazebo-code/msr_ws/devel/lib/python2.7/dist-packages/rcomv_r1/msg/__init__.py)
Linked: (/home/dasc/Ruilin/MSR-gazebo-code/msr_ws/devel/.private/rcomv_r1/lib/pkgconfig/rcomv_r1.pc, /home/dasc/Ruilin/MSR-gazebo-code/msr_ws/devel/lib/pkgconfig/rcomv_r1.pc)
Linked: (/home/dasc/Ruilin/MSR-gazebo-code/msr_ws/devel/.private/rcomv_r1/lib/rcomv_r1/InputOutputLin_Controller, /home/dasc/Ruilin/MSR-gazebo-code/msr_ws/devel/lib/rcomv_r1/InputOutputLin_Controller)
Linked: (/home/dasc/Ruilin/MSR-gazebo-code/msr_ws/devel/.private/rcomv_r1/lib/rcomv_r1/wmsr_node, /home/dasc/Ruilin/MSR-gazebo-code/msr_ws/devel/lib/rcomv_r1/wmsr_node)
Linked: (/home/dasc/Ruilin/MSR-gazebo-code/msr_ws/devel/.private/rcomv_r1/lib/rcomv_r1/switch, /home/dasc/Ruilin/MSR-gazebo-code/msr_ws/devel/lib/rcomv_r1/switch)
Linked: (/home/dasc/Ruilin/MSR-gazebo-code/msr_ws/devel/.private/rcomv_r1/lib/rcomv_r1/pid_controller, /home/dasc/Ruilin/MSR-gazebo-code/msr_ws/devel/lib/rcomv_r1/pid_controller)
Linked: (/home/dasc/Ruilin/MSR-gazebo-code/msr_ws/devel/.private/rcomv_r1/lib/rcomv_r1/path_publisher, /home/dasc/Ruilin/MSR-gazebo-code/msr_ws/devel/lib/rcomv_r1/path_publisher)
Linked: (/home/dasc/Ruilin/MSR-gazebo-code/msr_ws/devel/.private/rcomv_r1/lib/rcomv_r1/path_wmsr_node, /home/dasc/Ruilin/MSR-gazebo-code/msr_ws/devel/lib/rcomv_r1/path_wmsr_node)
Linked: (/home/dasc/Ruilin/MSR-gazebo-code/msr_ws/devel/.private/rcomv_r1/include/rcomv_r1/CubicPath.h, /home/dasc/Ruilin/MSR-gazebo-code/msr_ws/devel/include/rcomv_r1/CubicPath.h)
Linked: (/home/dasc/Ruilin/MSR-gazebo-code/msr_ws/devel/.private/rcomv_r1/include/rcomv_r1/ParametricPath.h, /home/dasc/Ruilin/MSR-gazebo-code/msr_ws/devel/include/rcomv_r1/ParametricPath.h)
Linked: (/home/dasc/Ruilin/MSR-gazebo-code/msr_ws/devel/.private/rcomv_r1/share/gennodejs/ros/rcomv_r1/_index.js, /home/dasc/Ruilin/MSR-gazebo-code/msr_ws/devel/share/gennodejs/ros/rcomv_r1/_index.js)
Linked: (/home/dasc/Ruilin/MSR-gazebo-code/msr_ws/devel/.private/rcomv_r1/share/gennodejs/ros/rcomv_r1/msg/_index.js, /home/dasc/Ruilin/MSR-gazebo-code/msr_ws/devel/share/gennodejs/ros/rcomv_r1/msg/_index.js)
Linked: (/home/dasc/Ruilin/MSR-gazebo-code/msr_ws/devel/.private/rcomv_r1/share/gennodejs/ros/rcomv_r1/msg/ParametricPath.js, /home/dasc/Ruilin/MSR-gazebo-code/msr_ws/devel/share/gennodejs/ros/rcomv_r1/msg/ParametricPath.js)
Linked: (/home/dasc/Ruilin/MSR-gazebo-code/msr_ws/devel/.private/rcomv_r1/share/gennodejs/ros/rcomv_r1/msg/CubicPath.js, /home/dasc/Ruilin/MSR-gazebo-code/msr_ws/devel/share/gennodejs/ros/rcomv_r1/msg/CubicPath.js)
Linked: (/home/dasc/Ruilin/MSR-gazebo-code/msr_ws/devel/.private/rcomv_r1/share/common-lisp/ros/rcomv_r1/msg/_package_ParametricPath.lisp, /home/dasc/Ruilin/MSR-gazebo-code/msr_ws/devel/share/common-lisp/ros/rcomv_r1/msg/_package_ParametricPath.lisp)
Linked: (/home/dasc/Ruilin/MSR-gazebo-code/msr_ws/devel/.private/rcomv_r1/share/common-lisp/ros/rcomv_r1/msg/CubicPath.lisp, /home/dasc/Ruilin/MSR-gazebo-code/msr_ws/devel/share/common-lisp/ros/rcomv_r1/msg/CubicPath.lisp)
Linked: (/home/dasc/Ruilin/MSR-gazebo-code/msr_ws/devel/.private/rcomv_r1/share/common-lisp/ros/rcomv_r1/msg/ParametricPath.lisp, /home/dasc/Ruilin/MSR-gazebo-code/msr_ws/devel/share/common-lisp/ros/rcomv_r1/msg/ParametricPath.lisp)
Linked: (/home/dasc/Ruilin/MSR-gazebo-code/msr_ws/devel/.private/rcomv_r1/share/common-lisp/ros/rcomv_r1/msg/rcomv_r1-msg.asd, /home/dasc/Ruilin/MSR-gazebo-code/msr_ws/devel/share/common-lisp/ros/rcomv_r1/msg/rcomv_r1-msg.asd)
Linked: (/home/dasc/Ruilin/MSR-gazebo-code/msr_ws/devel/.private/rcomv_r1/share/common-lisp/ros/rcomv_r1/msg/_package.lisp, /home/dasc/Ruilin/MSR-gazebo-code/msr_ws/devel/share/common-lisp/ros/rcomv_r1/msg/_package.lisp)
Linked: (/home/dasc/Ruilin/MSR-gazebo-code/msr_ws/devel/.private/rcomv_r1/share/common-lisp/ros/rcomv_r1/msg/_package_CubicPath.lisp, /home/dasc/Ruilin/MSR-gazebo-code/msr_ws/devel/share/common-lisp/ros/rcomv_r1/msg/_package_CubicPath.lisp)
Linked: (/home/dasc/Ruilin/MSR-gazebo-code/msr_ws/devel/.private/rcomv_r1/share/roseus/ros/rcomv_r1/manifest.l, /home/dasc/Ruilin/MSR-gazebo-code/msr_ws/devel/share/roseus/ros/rcomv_r1/manifest.l)
Linked: (/home/dasc/Ruilin/MSR-gazebo-code/msr_ws/devel/.private/rcomv_r1/share/roseus/ros/rcomv_r1/msg/ParametricPath.l, /home/dasc/Ruilin/MSR-gazebo-code/msr_ws/devel/share/roseus/ros/rcomv_r1/msg/ParametricPath.l)
Linked: (/home/dasc/Ruilin/MSR-gazebo-code/msr_ws/devel/.private/rcomv_r1/share/roseus/ros/rcomv_r1/msg/CubicPath.l, /home/dasc/Ruilin/MSR-gazebo-code/msr_ws/devel/share/roseus/ros/rcomv_r1/msg/CubicPath.l)
Linked: (/home/dasc/Ruilin/MSR-gazebo-code/msr_ws/devel/.private/rcomv_r1/share/rcomv_r1/cmake/rcomv_r1Config-version.cmake, /home/dasc/Ruilin/MSR-gazebo-code/msr_ws/devel/share/rcomv_r1/cmake/rcomv_r1Config-version.cmake)
Linked: (/home/dasc/Ruilin/MSR-gazebo-code/msr_ws/devel/.private/rcomv_r1/share/rcomv_r1/cmake/rcomv_r1-msg-extras.cmake, /home/dasc/Ruilin/MSR-gazebo-code/msr_ws/devel/share/rcomv_r1/cmake/rcomv_r1-msg-extras.cmake)
Linked: (/home/dasc/Ruilin/MSR-gazebo-code/msr_ws/devel/.private/rcomv_r1/share/rcomv_r1/cmake/rcomv_r1Config.cmake, /home/dasc/Ruilin/MSR-gazebo-code/msr_ws/devel/share/rcomv_r1/cmake/rcomv_r1Config.cmake)
Linked: (/home/dasc/Ruilin/MSR-gazebo-code/msr_ws/devel/.private/rcomv_r1/share/rcomv_r1/cmake/rcomv_r1-msg-paths.cmake, /home/dasc/Ruilin/MSR-gazebo-code/msr_ws/devel/share/rcomv_r1/cmake/rcomv_r1-msg-paths.cmake)
