Determining if the pthread_create exist failed with the following output:
Change Dir: /home/dasc/Ruilin/MSR-gazebo-code/msr_ws/build/rcomv_uav/CMakeFiles/CMakeTmp

Run Build Command:"/usr/bin/make" "cmTC_5d9d8/fast"
/usr/bin/make -f CMakeFiles/cmTC_5d9d8.dir/build.make CMakeFiles/cmTC_5d9d8.dir/build
make[1]: Entering directory '/home/dasc/Ruilin/MSR-gazebo-code/msr_ws/build/rcomv_uav/CMakeFiles/CMakeTmp'
Building C object CMakeFiles/cmTC_5d9d8.dir/CheckSymbolExists.c.o
/usr/bin/cc     -o CMakeFiles/cmTC_5d9d8.dir/CheckSymbolExists.c.o   -c /home/dasc/Ruilin/MSR-gazebo-code/msr_ws/build/rcomv_uav/CMakeFiles/CMakeTmp/CheckSymbolExists.c
Linking C executable cmTC_5d9d8
/usr/bin/cmake -E cmake_link_script CMakeFiles/cmTC_5d9d8.dir/link.txt --verbose=1
/usr/bin/cc       CMakeFiles/cmTC_5d9d8.dir/CheckSymbolExists.c.o  -o cmTC_5d9d8 -rdynamic 
CMakeFiles/cmTC_5d9d8.dir/CheckSymbolExists.c.o: In function `main':
CheckSymbolExists.c:(.text+0x16): undefined reference to `pthread_create'
collect2: error: ld returned 1 exit status
CMakeFiles/cmTC_5d9d8.dir/build.make:97: recipe for target 'cmTC_5d9d8' failed
make[1]: *** [cmTC_5d9d8] Error 1
make[1]: Leaving directory '/home/dasc/Ruilin/MSR-gazebo-code/msr_ws/build/rcomv_uav/CMakeFiles/CMakeTmp'
Makefile:126: recipe for target 'cmTC_5d9d8/fast' failed
make: *** [cmTC_5d9d8/fast] Error 2

File /home/dasc/Ruilin/MSR-gazebo-code/msr_ws/build/rcomv_uav/CMakeFiles/CMakeTmp/CheckSymbolExists.c:
/* */
#include <pthread.h>

int main(int argc, char** argv)
{
  (void)argv;
#ifndef pthread_create
  return ((int*)(&pthread_create))[argc];
#else
  (void)argc;
  return 0;
#endif
}

Determining if the function pthread_create exists in the pthreads failed with the following output:
Change Dir: /home/dasc/Ruilin/MSR-gazebo-code/msr_ws/build/rcomv_uav/CMakeFiles/CMakeTmp

Run Build Command:"/usr/bin/make" "cmTC_6cd96/fast"
/usr/bin/make -f CMakeFiles/cmTC_6cd96.dir/build.make CMakeFiles/cmTC_6cd96.dir/build
make[1]: Entering directory '/home/dasc/Ruilin/MSR-gazebo-code/msr_ws/build/rcomv_uav/CMakeFiles/CMakeTmp'
Building C object CMakeFiles/cmTC_6cd96.dir/CheckFunctionExists.c.o
/usr/bin/cc    -DCHECK_FUNCTION_EXISTS=pthread_create   -o CMakeFiles/cmTC_6cd96.dir/CheckFunctionExists.c.o   -c /usr/share/cmake-3.5/Modules/CheckFunctionExists.c
Linking C executable cmTC_6cd96
/usr/bin/cmake -E cmake_link_script CMakeFiles/cmTC_6cd96.dir/link.txt --verbose=1
/usr/bin/cc   -DCHECK_FUNCTION_EXISTS=pthread_create    CMakeFiles/cmTC_6cd96.dir/CheckFunctionExists.c.o  -o cmTC_6cd96 -rdynamic -lpthreads 
/usr/bin/ld: cannot find -lpthreads
collect2: error: ld returned 1 exit status
CMakeFiles/cmTC_6cd96.dir/build.make:97: recipe for target 'cmTC_6cd96' failed
make[1]: *** [cmTC_6cd96] Error 1
make[1]: Leaving directory '/home/dasc/Ruilin/MSR-gazebo-code/msr_ws/build/rcomv_uav/CMakeFiles/CMakeTmp'
Makefile:126: recipe for target 'cmTC_6cd96/fast' failed
make: *** [cmTC_6cd96/fast] Error 2


