Determining if the pthread_create exist failed with the following output:
Change Dir: /home/dasc/Ruilin/MSR-gazebo-code/msr_ws/build/rotors_joy_interface/CMakeFiles/CMakeTmp

Run Build Command:"/usr/bin/make" "cmTC_f99db/fast"
/usr/bin/make -f CMakeFiles/cmTC_f99db.dir/build.make CMakeFiles/cmTC_f99db.dir/build
make[1]: Entering directory '/home/dasc/Ruilin/MSR-gazebo-code/msr_ws/build/rotors_joy_interface/CMakeFiles/CMakeTmp'
Building C object CMakeFiles/cmTC_f99db.dir/CheckSymbolExists.c.o
/usr/bin/cc     -o CMakeFiles/cmTC_f99db.dir/CheckSymbolExists.c.o   -c /home/dasc/Ruilin/MSR-gazebo-code/msr_ws/build/rotors_joy_interface/CMakeFiles/CMakeTmp/CheckSymbolExists.c
Linking C executable cmTC_f99db
/usr/bin/cmake -E cmake_link_script CMakeFiles/cmTC_f99db.dir/link.txt --verbose=1
/usr/bin/cc       CMakeFiles/cmTC_f99db.dir/CheckSymbolExists.c.o  -o cmTC_f99db -rdynamic 
CMakeFiles/cmTC_f99db.dir/CheckSymbolExists.c.o: In function `main':
CheckSymbolExists.c:(.text+0x16): undefined reference to `pthread_create'
collect2: error: ld returned 1 exit status
CMakeFiles/cmTC_f99db.dir/build.make:97: recipe for target 'cmTC_f99db' failed
make[1]: *** [cmTC_f99db] Error 1
make[1]: Leaving directory '/home/dasc/Ruilin/MSR-gazebo-code/msr_ws/build/rotors_joy_interface/CMakeFiles/CMakeTmp'
Makefile:126: recipe for target 'cmTC_f99db/fast' failed
make: *** [cmTC_f99db/fast] Error 2

File /home/dasc/Ruilin/MSR-gazebo-code/msr_ws/build/rotors_joy_interface/CMakeFiles/CMakeTmp/CheckSymbolExists.c:
/* */
#include <pthread.h>

int main(int argc, char** argv)
{
  (void)argv;
#ifndef pthread_create
  return ((int*)(&pthread_create))[argc];
#else
  (void)argc;
  return 0;
#endif
}

Determining if the function pthread_create exists in the pthreads failed with the following output:
Change Dir: /home/dasc/Ruilin/MSR-gazebo-code/msr_ws/build/rotors_joy_interface/CMakeFiles/CMakeTmp

Run Build Command:"/usr/bin/make" "cmTC_8ff63/fast"
/usr/bin/make -f CMakeFiles/cmTC_8ff63.dir/build.make CMakeFiles/cmTC_8ff63.dir/build
make[1]: Entering directory '/home/dasc/Ruilin/MSR-gazebo-code/msr_ws/build/rotors_joy_interface/CMakeFiles/CMakeTmp'
Building C object CMakeFiles/cmTC_8ff63.dir/CheckFunctionExists.c.o
/usr/bin/cc    -DCHECK_FUNCTION_EXISTS=pthread_create   -o CMakeFiles/cmTC_8ff63.dir/CheckFunctionExists.c.o   -c /usr/share/cmake-3.5/Modules/CheckFunctionExists.c
Linking C executable cmTC_8ff63
/usr/bin/cmake -E cmake_link_script CMakeFiles/cmTC_8ff63.dir/link.txt --verbose=1
/usr/bin/cc   -DCHECK_FUNCTION_EXISTS=pthread_create    CMakeFiles/cmTC_8ff63.dir/CheckFunctionExists.c.o  -o cmTC_8ff63 -rdynamic -lpthreads 
/usr/bin/ld: cannot find -lpthreads
collect2: error: ld returned 1 exit status
CMakeFiles/cmTC_8ff63.dir/build.make:97: recipe for target 'cmTC_8ff63' failed
make[1]: *** [cmTC_8ff63] Error 1
make[1]: Leaving directory '/home/dasc/Ruilin/MSR-gazebo-code/msr_ws/build/rotors_joy_interface/CMakeFiles/CMakeTmp'
Makefile:126: recipe for target 'cmTC_8ff63/fast' failed
make: *** [cmTC_8ff63/fast] Error 2


