Determining if the pthread_create exist failed with the following output:
Change Dir: /home/dasc/Ruilin/MSR-gazebo-code/msr_ws/build/rotors_gazebo/CMakeFiles/CMakeTmp

Run Build Command:"/usr/bin/make" "cmTC_1752c/fast"
/usr/bin/make -f CMakeFiles/cmTC_1752c.dir/build.make CMakeFiles/cmTC_1752c.dir/build
make[1]: Entering directory '/home/dasc/Ruilin/MSR-gazebo-code/msr_ws/build/rotors_gazebo/CMakeFiles/CMakeTmp'
Building C object CMakeFiles/cmTC_1752c.dir/CheckSymbolExists.c.o
/usr/bin/cc     -o CMakeFiles/cmTC_1752c.dir/CheckSymbolExists.c.o   -c /home/dasc/Ruilin/MSR-gazebo-code/msr_ws/build/rotors_gazebo/CMakeFiles/CMakeTmp/CheckSymbolExists.c
Linking C executable cmTC_1752c
/usr/bin/cmake -E cmake_link_script CMakeFiles/cmTC_1752c.dir/link.txt --verbose=1
/usr/bin/cc       CMakeFiles/cmTC_1752c.dir/CheckSymbolExists.c.o  -o cmTC_1752c -rdynamic 
CMakeFiles/cmTC_1752c.dir/CheckSymbolExists.c.o: In function `main':
CheckSymbolExists.c:(.text+0x16): undefined reference to `pthread_create'
collect2: error: ld returned 1 exit status
CMakeFiles/cmTC_1752c.dir/build.make:97: recipe for target 'cmTC_1752c' failed
make[1]: *** [cmTC_1752c] Error 1
make[1]: Leaving directory '/home/dasc/Ruilin/MSR-gazebo-code/msr_ws/build/rotors_gazebo/CMakeFiles/CMakeTmp'
Makefile:126: recipe for target 'cmTC_1752c/fast' failed
make: *** [cmTC_1752c/fast] Error 2

File /home/dasc/Ruilin/MSR-gazebo-code/msr_ws/build/rotors_gazebo/CMakeFiles/CMakeTmp/CheckSymbolExists.c:
/* */
#include <pthread.h>

int main(int argc, char** argv)
{
  (void)argv;
#ifndef pthread_create
  return ((int*)(&pthread_create))[argc];
#else
  (void)argc;
  return 0;
#endif
}

Determining if the function pthread_create exists in the pthreads failed with the following output:
Change Dir: /home/dasc/Ruilin/MSR-gazebo-code/msr_ws/build/rotors_gazebo/CMakeFiles/CMakeTmp

Run Build Command:"/usr/bin/make" "cmTC_92bfa/fast"
/usr/bin/make -f CMakeFiles/cmTC_92bfa.dir/build.make CMakeFiles/cmTC_92bfa.dir/build
make[1]: Entering directory '/home/dasc/Ruilin/MSR-gazebo-code/msr_ws/build/rotors_gazebo/CMakeFiles/CMakeTmp'
Building C object CMakeFiles/cmTC_92bfa.dir/CheckFunctionExists.c.o
/usr/bin/cc    -DCHECK_FUNCTION_EXISTS=pthread_create   -o CMakeFiles/cmTC_92bfa.dir/CheckFunctionExists.c.o   -c /usr/share/cmake-3.5/Modules/CheckFunctionExists.c
Linking C executable cmTC_92bfa
/usr/bin/cmake -E cmake_link_script CMakeFiles/cmTC_92bfa.dir/link.txt --verbose=1
/usr/bin/cc   -DCHECK_FUNCTION_EXISTS=pthread_create    CMakeFiles/cmTC_92bfa.dir/CheckFunctionExists.c.o  -o cmTC_92bfa -rdynamic -lpthreads 
/usr/bin/ld: cannot find -lpthreads
collect2: error: ld returned 1 exit status
CMakeFiles/cmTC_92bfa.dir/build.make:97: recipe for target 'cmTC_92bfa' failed
make[1]: *** [cmTC_92bfa] Error 1
make[1]: Leaving directory '/home/dasc/Ruilin/MSR-gazebo-code/msr_ws/build/rotors_gazebo/CMakeFiles/CMakeTmp'
Makefile:126: recipe for target 'cmTC_92bfa/fast' failed
make: *** [cmTC_92bfa/fast] Error 2


