Determining if the pthread_create exist failed with the following output:
Change Dir: /home/dasc/Ruilin/MSR-gazebo-code/msr_ws/build/rotors_control/CMakeFiles/CMakeTmp

Run Build Command:"/usr/bin/make" "cmTC_ea1d9/fast"
/usr/bin/make -f CMakeFiles/cmTC_ea1d9.dir/build.make CMakeFiles/cmTC_ea1d9.dir/build
make[1]: Entering directory '/home/dasc/Ruilin/MSR-gazebo-code/msr_ws/build/rotors_control/CMakeFiles/CMakeTmp'
Building C object CMakeFiles/cmTC_ea1d9.dir/CheckSymbolExists.c.o
/usr/bin/cc     -o CMakeFiles/cmTC_ea1d9.dir/CheckSymbolExists.c.o   -c /home/dasc/Ruilin/MSR-gazebo-code/msr_ws/build/rotors_control/CMakeFiles/CMakeTmp/CheckSymbolExists.c
Linking C executable cmTC_ea1d9
/usr/bin/cmake -E cmake_link_script CMakeFiles/cmTC_ea1d9.dir/link.txt --verbose=1
/usr/bin/cc       CMakeFiles/cmTC_ea1d9.dir/CheckSymbolExists.c.o  -o cmTC_ea1d9 -rdynamic 
CMakeFiles/cmTC_ea1d9.dir/CheckSymbolExists.c.o: In function `main':
CheckSymbolExists.c:(.text+0x16): undefined reference to `pthread_create'
collect2: error: ld returned 1 exit status
CMakeFiles/cmTC_ea1d9.dir/build.make:97: recipe for target 'cmTC_ea1d9' failed
make[1]: *** [cmTC_ea1d9] Error 1
make[1]: Leaving directory '/home/dasc/Ruilin/MSR-gazebo-code/msr_ws/build/rotors_control/CMakeFiles/CMakeTmp'
Makefile:126: recipe for target 'cmTC_ea1d9/fast' failed
make: *** [cmTC_ea1d9/fast] Error 2

File /home/dasc/Ruilin/MSR-gazebo-code/msr_ws/build/rotors_control/CMakeFiles/CMakeTmp/CheckSymbolExists.c:
/* */
#include <pthread.h>

int main(int argc, char** argv)
{
  (void)argv;
#ifndef pthread_create
  return ((int*)(&pthread_create))[argc];
#else
  (void)argc;
  return 0;
#endif
}

Determining if the function pthread_create exists in the pthreads failed with the following output:
Change Dir: /home/dasc/Ruilin/MSR-gazebo-code/msr_ws/build/rotors_control/CMakeFiles/CMakeTmp

Run Build Command:"/usr/bin/make" "cmTC_a581a/fast"
/usr/bin/make -f CMakeFiles/cmTC_a581a.dir/build.make CMakeFiles/cmTC_a581a.dir/build
make[1]: Entering directory '/home/dasc/Ruilin/MSR-gazebo-code/msr_ws/build/rotors_control/CMakeFiles/CMakeTmp'
Building C object CMakeFiles/cmTC_a581a.dir/CheckFunctionExists.c.o
/usr/bin/cc    -DCHECK_FUNCTION_EXISTS=pthread_create   -o CMakeFiles/cmTC_a581a.dir/CheckFunctionExists.c.o   -c /usr/share/cmake-3.5/Modules/CheckFunctionExists.c
Linking C executable cmTC_a581a
/usr/bin/cmake -E cmake_link_script CMakeFiles/cmTC_a581a.dir/link.txt --verbose=1
/usr/bin/cc   -DCHECK_FUNCTION_EXISTS=pthread_create    CMakeFiles/cmTC_a581a.dir/CheckFunctionExists.c.o  -o cmTC_a581a -rdynamic -lpthreads 
/usr/bin/ld: cannot find -lpthreads
collect2: error: ld returned 1 exit status
CMakeFiles/cmTC_a581a.dir/build.make:97: recipe for target 'cmTC_a581a' failed
make[1]: *** [cmTC_a581a] Error 1
make[1]: Leaving directory '/home/dasc/Ruilin/MSR-gazebo-code/msr_ws/build/rotors_control/CMakeFiles/CMakeTmp'
Makefile:126: recipe for target 'cmTC_a581a/fast' failed
make: *** [cmTC_a581a/fast] Error 2


