Determining if the pthread_create exist failed with the following output:
Change Dir: /home/dasc/Ruilin/MSR-gazebo-code/msr_ws/build/r1_teleop/CMakeFiles/CMakeTmp

Run Build Command:"/usr/bin/make" "cmTC_b928f/fast"
/usr/bin/make -f CMakeFiles/cmTC_b928f.dir/build.make CMakeFiles/cmTC_b928f.dir/build
make[1]: Entering directory '/home/dasc/Ruilin/MSR-gazebo-code/msr_ws/build/r1_teleop/CMakeFiles/CMakeTmp'
Building C object CMakeFiles/cmTC_b928f.dir/CheckSymbolExists.c.o
/usr/bin/cc     -o CMakeFiles/cmTC_b928f.dir/CheckSymbolExists.c.o   -c /home/dasc/Ruilin/MSR-gazebo-code/msr_ws/build/r1_teleop/CMakeFiles/CMakeTmp/CheckSymbolExists.c
Linking C executable cmTC_b928f
/usr/bin/cmake -E cmake_link_script CMakeFiles/cmTC_b928f.dir/link.txt --verbose=1
/usr/bin/cc       CMakeFiles/cmTC_b928f.dir/CheckSymbolExists.c.o  -o cmTC_b928f -rdynamic 
CMakeFiles/cmTC_b928f.dir/CheckSymbolExists.c.o: In function `main':
CheckSymbolExists.c:(.text+0x16): undefined reference to `pthread_create'
collect2: error: ld returned 1 exit status
CMakeFiles/cmTC_b928f.dir/build.make:97: recipe for target 'cmTC_b928f' failed
make[1]: *** [cmTC_b928f] Error 1
make[1]: Leaving directory '/home/dasc/Ruilin/MSR-gazebo-code/msr_ws/build/r1_teleop/CMakeFiles/CMakeTmp'
Makefile:126: recipe for target 'cmTC_b928f/fast' failed
make: *** [cmTC_b928f/fast] Error 2

File /home/dasc/Ruilin/MSR-gazebo-code/msr_ws/build/r1_teleop/CMakeFiles/CMakeTmp/CheckSymbolExists.c:
/* */
#include <pthread.h>

int main(int argc, char** argv)
{
  (void)argv;
#ifndef pthread_create
  return ((int*)(&pthread_create))[argc];
#else
  (void)argc;
  return 0;
#endif
}

Determining if the function pthread_create exists in the pthreads failed with the following output:
Change Dir: /home/dasc/Ruilin/MSR-gazebo-code/msr_ws/build/r1_teleop/CMakeFiles/CMakeTmp

Run Build Command:"/usr/bin/make" "cmTC_735e5/fast"
/usr/bin/make -f CMakeFiles/cmTC_735e5.dir/build.make CMakeFiles/cmTC_735e5.dir/build
make[1]: Entering directory '/home/dasc/Ruilin/MSR-gazebo-code/msr_ws/build/r1_teleop/CMakeFiles/CMakeTmp'
Building C object CMakeFiles/cmTC_735e5.dir/CheckFunctionExists.c.o
/usr/bin/cc    -DCHECK_FUNCTION_EXISTS=pthread_create   -o CMakeFiles/cmTC_735e5.dir/CheckFunctionExists.c.o   -c /usr/share/cmake-3.5/Modules/CheckFunctionExists.c
Linking C executable cmTC_735e5
/usr/bin/cmake -E cmake_link_script CMakeFiles/cmTC_735e5.dir/link.txt --verbose=1
/usr/bin/cc   -DCHECK_FUNCTION_EXISTS=pthread_create    CMakeFiles/cmTC_735e5.dir/CheckFunctionExists.c.o  -o cmTC_735e5 -rdynamic -lpthreads 
/usr/bin/ld: cannot find -lpthreads
collect2: error: ld returned 1 exit status
CMakeFiles/cmTC_735e5.dir/build.make:97: recipe for target 'cmTC_735e5' failed
make[1]: *** [cmTC_735e5] Error 1
make[1]: Leaving directory '/home/dasc/Ruilin/MSR-gazebo-code/msr_ws/build/r1_teleop/CMakeFiles/CMakeTmp'
Makefile:126: recipe for target 'cmTC_735e5/fast' failed
make: *** [cmTC_735e5/fast] Error 2


