Determining if the pthread_create exist failed with the following output:
Change Dir: /home/dasc/Ruilin/MSR-gazebo-code/msr_ws/build/mav_planning_msgs/CMakeFiles/CMakeTmp

Run Build Command:"/usr/bin/make" "cmTC_e1068/fast"
/usr/bin/make -f CMakeFiles/cmTC_e1068.dir/build.make CMakeFiles/cmTC_e1068.dir/build
make[1]: Entering directory '/home/dasc/Ruilin/MSR-gazebo-code/msr_ws/build/mav_planning_msgs/CMakeFiles/CMakeTmp'
Building C object CMakeFiles/cmTC_e1068.dir/CheckSymbolExists.c.o
/usr/bin/cc     -o CMakeFiles/cmTC_e1068.dir/CheckSymbolExists.c.o   -c /home/dasc/Ruilin/MSR-gazebo-code/msr_ws/build/mav_planning_msgs/CMakeFiles/CMakeTmp/CheckSymbolExists.c
Linking C executable cmTC_e1068
/usr/bin/cmake -E cmake_link_script CMakeFiles/cmTC_e1068.dir/link.txt --verbose=1
/usr/bin/cc       CMakeFiles/cmTC_e1068.dir/CheckSymbolExists.c.o  -o cmTC_e1068 -rdynamic 
CMakeFiles/cmTC_e1068.dir/CheckSymbolExists.c.o: In function `main':
CheckSymbolExists.c:(.text+0x16): undefined reference to `pthread_create'
collect2: error: ld returned 1 exit status
CMakeFiles/cmTC_e1068.dir/build.make:97: recipe for target 'cmTC_e1068' failed
make[1]: *** [cmTC_e1068] Error 1
make[1]: Leaving directory '/home/dasc/Ruilin/MSR-gazebo-code/msr_ws/build/mav_planning_msgs/CMakeFiles/CMakeTmp'
Makefile:126: recipe for target 'cmTC_e1068/fast' failed
make: *** [cmTC_e1068/fast] Error 2

File /home/dasc/Ruilin/MSR-gazebo-code/msr_ws/build/mav_planning_msgs/CMakeFiles/CMakeTmp/CheckSymbolExists.c:
/* */
#include <pthread.h>

int main(int argc, char** argv)
{
  (void)argv;
#ifndef pthread_create
  return ((int*)(&pthread_create))[argc];
#else
  (void)argc;
  return 0;
#endif
}

Determining if the function pthread_create exists in the pthreads failed with the following output:
Change Dir: /home/dasc/Ruilin/MSR-gazebo-code/msr_ws/build/mav_planning_msgs/CMakeFiles/CMakeTmp

Run Build Command:"/usr/bin/make" "cmTC_bfc44/fast"
/usr/bin/make -f CMakeFiles/cmTC_bfc44.dir/build.make CMakeFiles/cmTC_bfc44.dir/build
make[1]: Entering directory '/home/dasc/Ruilin/MSR-gazebo-code/msr_ws/build/mav_planning_msgs/CMakeFiles/CMakeTmp'
Building C object CMakeFiles/cmTC_bfc44.dir/CheckFunctionExists.c.o
/usr/bin/cc    -DCHECK_FUNCTION_EXISTS=pthread_create   -o CMakeFiles/cmTC_bfc44.dir/CheckFunctionExists.c.o   -c /usr/share/cmake-3.5/Modules/CheckFunctionExists.c
Linking C executable cmTC_bfc44
/usr/bin/cmake -E cmake_link_script CMakeFiles/cmTC_bfc44.dir/link.txt --verbose=1
/usr/bin/cc   -DCHECK_FUNCTION_EXISTS=pthread_create    CMakeFiles/cmTC_bfc44.dir/CheckFunctionExists.c.o  -o cmTC_bfc44 -rdynamic -lpthreads 
/usr/bin/ld: cannot find -lpthreads
collect2: error: ld returned 1 exit status
CMakeFiles/cmTC_bfc44.dir/build.make:97: recipe for target 'cmTC_bfc44' failed
make[1]: *** [cmTC_bfc44] Error 1
make[1]: Leaving directory '/home/dasc/Ruilin/MSR-gazebo-code/msr_ws/build/mav_planning_msgs/CMakeFiles/CMakeTmp'
Makefile:126: recipe for target 'cmTC_bfc44/fast' failed
make: *** [cmTC_bfc44/fast] Error 2


